<?xml version="1.0" encoding="UTF-8"?>
<!-- Generated by org.testng.reporters.JUnitReportReporter -->
<testsuite skipped="1" hostname="Dell-PC" name="com.qa.test.HomePageTest" tests="3" failures="0" timestamp="2020-06-02T08:25:41 IST" time="45.880" errors="0">
  <testcase name="verifyMobilesLink" time="27.182" classname="com.qa.test.HomePageTest"/>
  <system-out/>
  <testcase name="verifyHomePageTitle" time="18.698" classname="com.qa.test.HomePageTest"/>
  <system-out/>
  <testcase name="verifySearchText" classname="com.qa.test.HomePageTest">
    <skipped/>
  </testcase> <!-- verifySearchText -->
  <system-out/>
</testsuite> <!-- com.qa.test.HomePageTest -->
