<?xml version="1.0" encoding="UTF-8"?>
<!-- Generated by org.testng.reporters.JUnitReportReporter -->
<testsuite skipped="2" hostname="Dell-PC" name="com.qa.test.HomePageTest" tests="6" failures="0" timestamp="2020-06-06T07:49:27 IST" time="708.215" errors="0">
  <testcase name="verifySearchText" time="251.827" classname="com.qa.test.HomePageTest"/>
  <system-out/>
  <testcase name="verifySearchText" time="103.443" classname="com.qa.test.HomePageTest"/>
  <system-out/>
  <testcase name="verifySearchText" time="208.130" classname="com.qa.test.HomePageTest"/>
  <system-out/>
  <testcase name="verifySearchText" time="144.815" classname="com.qa.test.HomePageTest"/>
  <system-out/>
  <testcase name="verifyHomePageTitle" classname="com.qa.test.HomePageTest">
    <skipped/>
  </testcase> <!-- verifyHomePageTitle -->
  <system-out/>
  <testcase name="verifyMobilesLink" classname="com.qa.test.HomePageTest">
    <skipped/>
  </testcase> <!-- verifyMobilesLink -->
  <system-out/>
</testsuite> <!-- com.qa.test.HomePageTest -->
